(dp1
S'StationDistribution'
p2
(dp3
S'Distribution'
p4
(lp5
(dp6
S'TakeOffAngle'
p7
cnumpy.core.multiarray
_reconstruct
p8
(cnumpy.matrixlib.defmatrix
matrix
p9
(I0
tS'b'
tRp10
(I1
(I26
I1
tcnumpy
dtype
p11
(S'f8'
I0
I1
tRp12
(I3
S'<'
NNNI-1
I-1
I0
tbI00
S'fffffVc@\xcd\xcc\xcc\xcc\xccl[@\xcd\xcc\xcc\xcc\xcc,b@\xcd\xcc\xcc\xcc\xcc\xac^@333333a@33333\x83b@33333\xb3^@fffff\x86_@fffff\x06`@fffff6a@fffffFa@\xcd\xcc\xcc\xcc\xcc\x0c^@\x00\x00\x00\x00\x00@]@\x00\x00\x00\x00\x00\xe0_@\xcd\xcc\xcc\xcc\xcc\x0c[@\x9a\x99\x99\x99\x99ib@\xcd\xcc\xcc\xcc\xcc\x0c_@33333s[@33333\x13`@\x9a\x99\x99\x99\x99\xa9d@\x00\x00\x00\x00\x00 ^@\x00\x00\x00\x00\x00\xb0b@fffffv`@\xcd\xcc\xcc\xcc\xcc\x8c]@33333s]@fffff\xa6]@'
tbsS'Name'
p13
(lp14
S'S0271'
p15
aS'S0649'
p16
aS'S0484'
p17
aS'S0263'
p18
aS'S0142'
p19
aS'S0244'
p20
aS'S0415'
p21
aS'S0065'
p22
aS'S0362'
p23
aS'S0450'
p24
aS'S0534'
p25
aS'S0641'
p26
aS'S0155'
p27
aS'S0162'
p28
aS'S0650'
p29
aS'S0195'
p30
aS'S0517'
p31
aS'S0004'
p32
aS'S0588'
p33
aS'S0377'
p34
aS'S0618'
p35
aS'S0347'
p36
aS'S0529'
p37
aS'S0083'
p38
aS'S0595'
p39
aS'S0236'
p40
asS'Azimuth'
p41
g8
(g9
(I0
tS'b'
tRp42
(I1
(I26
I1
tg12
I00
S'33333\xe3l@33333sE@3333335@fffff\x06p@\xcd\xcc\xcc\xcc\xcc\xach@fffff\xb6l@fffff\xe6R@\x00\x00\x00\x00\x00pg@33333SU@\x00\x00\x00\x00\x008s@\xcd\xcc\xcc\xcc\xcc<v@ffffff-@\x00\x00\x00\x00\x00\xe0^@\x9a\x99\x99\x99\x99\xf9l@33333\xf3F@\x9a\x99\x99\x99\x999h@\x9a\x99\x99\x99\x99\xd9J@\xcd\xcc\xcc\xcc\xccLk@\xcd\xcc\xcc\xcc\xcc\xcc)@\x00\x00\x00\x00\x00Xt@ffffff=@fffffnq@\x9a\x99\x99\x99\x99at@fffff\xf6k@\xcd\xcc\xcc\xcc\xccLE@33333\xb3o@'
tbsa(dp43
g7
g8
(g9
(I0
tS'b'
tRp44
(I1
(I26
I1
tg12
I00
S'\x9a\x99\x99\x99\x99Yc@33333s[@\xcd\xcc\xcc\xcc\xcc,b@33333\xb3^@333333a@33333\x83b@33333\xb3^@fffff\x86_@fffff\x06`@\x9a\x99\x99\x99\x999a@\x9a\x99\x99\x99\x99Ia@33333\x13^@fffffF]@fffff\xe6_@33333\x13[@\x9a\x99\x99\x99\x99ib@\xcd\xcc\xcc\xcc\xcc\x0c_@\x9a\x99\x99\x99\x99y[@fffff\x16`@\xcd\xcc\xcc\xcc\xcc\xacd@\x00\x00\x00\x00\x00 ^@33333\xb3b@\x9a\x99\x99\x99\x99y`@\xcd\xcc\xcc\xcc\xcc\x8c]@\x9a\x99\x99\x99\x99y]@\xcd\xcc\xcc\xcc\xcc\xac]@'
tbsg13
(lp45
S'S0271'
p46
aS'S0649'
p47
aS'S0484'
p48
aS'S0263'
p49
aS'S0142'
p50
aS'S0244'
p51
aS'S0415'
p52
aS'S0065'
p53
aS'S0362'
p54
aS'S0450'
p55
aS'S0534'
p56
aS'S0641'
p57
aS'S0155'
p58
aS'S0162'
p59
aS'S0650'
p60
aS'S0195'
p61
aS'S0517'
p62
aS'S0004'
p63
aS'S0588'
p64
aS'S0377'
p65
aS'S0618'
p66
aS'S0347'
p67
aS'S0529'
p68
aS'S0083'
p69
aS'S0595'
p70
aS'S0236'
p71
asg41
g8
(g9
(I0
tS'b'
tRp72
(I1
(I26
I1
tg12
I00
S'\xcd\xcc\xcc\xcc\xcc\xdcl@\x00\x00\x00\x00\x00\x80E@\xcd\xcc\xcc\xcc\xccL5@fffff\x06p@\x9a\x99\x99\x99\x99\xa9h@33333\xb3l@\xcd\xcc\xcc\xcc\xcc\xecR@\xcd\xcc\xcc\xcc\xcclg@33333SU@\x00\x00\x00\x00\x008s@33333;v@\x9a\x99\x99\x99\x99\x99-@\x00\x00\x00\x00\x00\xe0^@fffff\xf6l@33333\xf3F@333333h@\x9a\x99\x99\x99\x99\xd9J@\x9a\x99\x99\x99\x99Ik@\x00\x00\x00\x00\x00\x00*@33333[t@\x00\x00\x00\x00\x00\x80=@fffffnq@\x9a\x99\x99\x99\x99at@fffff\xf6k@\x9a\x99\x99\x99\x99YE@\x00\x00\x00\x00\x00\xb0o@'
tbsasS'Probability'
p73
(lp74
F504.69999999999999
aF504.69999999999999
ass.